TN:
SF:theme_cookie.js
FN:10,readCookie
FN:13,(anonymous_1)
FN:14,(anonymous_2)
FN:18,resolveTheme
FN:25,applyTheme
FN:28,(anonymous_5)
FN:37,(anonymous_6)
FN:43,initThemeFromCookie
FNF:8
FNH:8
FNDA:8,readCookie
FNDA:8,(anonymous_1)
FNDA:8,(anonymous_2)
FNDA:8,resolveTheme
FNDA:8,applyTheme
FNDA:6,(anonymous_5)
FNDA:2,(anonymous_6)
FNDA:8,initThemeFromCookie
DA:1,1
DA:11,8
DA:13,8
DA:14,8
DA:15,8
DA:19,8
DA:20,1
DA:22,7
DA:26,8
DA:27,8
DA:28,8
DA:29,8
DA:30,8
DA:31,8
DA:32,8
DA:33,8
DA:35,8
DA:36,4
DA:37,4
DA:38,2
DA:44,8
DA:45,8
DA:46,8
DA:48,8
DA:49,8
DA:50,1
DA:54,1
DA:55,1
LF:28
LH:28
BRDA:15,0,0,7
BRDA:15,0,1,1
BRDA:19,1,0,1
BRDA:19,1,1,7
BRDA:22,2,0,7
BRDA:22,2,1,1
BRDA:28,3,0,2
BRDA:28,3,1,4
BRDA:29,4,0,4
BRDA:29,4,1,4
BRDA:35,5,0,4
BRDA:35,5,1,4
BRDA:35,6,0,8
BRDA:35,6,1,4
BRDA:49,7,0,1
BRDA:49,7,1,7
BRF:16
BRH:16
end_of_record
TN:
SF:controllers/application.js
FNF:0
FNH:0
DA:3,0
DA:6,0
DA:8,0
DA:12,0
DA:13,0
LF:5
LH:0
BRDA:8,0,0,0
BRDA:8,0,1,0
BRDA:8,0,2,0
BRDA:8,0,3,0
BRF:4
BRH:0
end_of_record
TN:
SF:controllers/cookie_banner_controller.js
FN:9,connect
FN:13,checkConsentState
FN:25,invisible
FN:31,accept
FN:33,(anonymous_4)
FN:37,reject
FN:39,(anonymous_6)
FN:43,openSettings
FN:53,fetchCookieConsent
FN:61,submitConsent
FN:81,cookieConsentAttrs
FN:90,syncCookieFormConsent
FN:96,(anonymous_12)
FN:110,cookieEndpointUrl
FN:112,(anonymous_14)
FN:121,cookieEndpointQueryKeys
FN:125,csrfToken
FN:129,dispatchConsentError
FNF:18
FNH:18
FNDA:1,connect
FNDA:5,checkConsentState
FNDA:1,invisible
FNDA:2,accept
FNDA:1,(anonymous_4)
FNDA:2,reject
FNDA:1,(anonymous_6)
FNDA:2,openSettings
FNDA:6,fetchCookieConsent
FNDA:4,submitConsent
FNDA:4,cookieConsentAttrs
FNDA:7,syncCookieFormConsent
FNDA:24,(anonymous_12)
FNDA:11,cookieEndpointUrl
FNDA:110,(anonymous_14)
FNDA:11,cookieEndpointQueryKeys
FNDA:5,csrfToken
FNDA:2,dispatchConsentError
DA:4,1
DA:10,1
DA:14,5
DA:15,5
DA:16,2
DA:17,1
DA:26,1
DA:27,1
DA:32,2
DA:33,2
DA:38,2
DA:39,2
DA:44,2
DA:45,2
DA:46,1
DA:47,1
DA:49,1
DA:54,6
DA:55,4
DA:56,1
DA:58,2
DA:62,4
DA:63,4
DA:73,4
DA:74,2
DA:77,2
DA:78,2
DA:82,4
DA:91,7
DA:92,7
DA:93,1
DA:96,6
DA:97,24
DA:98,3
DA:100,21
DA:103,21
DA:104,17
DA:105,17
DA:111,11
DA:112,11
DA:113,110
DA:114,110
DA:115,44
DA:118,11
DA:122,11
DA:126,5
DA:130,2
LF:47
LH:47
BRDA:16,0,0,1
BRDA:16,0,1,1
BRDA:16,1,0,2
BRDA:16,1,1,2
BRDA:45,2,0,1
BRDA:45,2,1,1
BRDA:55,3,0,1
BRDA:55,3,1,3
BRDA:73,4,0,2
BRDA:73,4,1,2
BRDA:92,5,0,1
BRDA:92,5,1,6
BRDA:97,6,0,3
BRDA:97,6,1,21
BRDA:103,7,0,17
BRDA:103,7,1,4
BRDA:114,8,0,44
BRDA:114,8,1,66
BRDA:126,9,0,5
BRDA:126,9,1,1
BRF:20
BRH:20
end_of_record
TN:
SF:controllers/cookie_consent_controller.js
FN:10,connect
FN:17,showBanner
FN:21,hideBanner
FN:25,accept
FN:30,reject
FN:35,submitConsent
FN:75,dispatchError
FNF:7
FNH:7
FNDA:3,connect
FNDA:2,showBanner
FNDA:6,hideBanner
FNDA:1,accept
FNDA:1,reject
FNDA:7,submitConsent
FNDA:2,dispatchError
DA:4,1
DA:5,1
DA:12,3
DA:13,1
DA:18,2
DA:22,6
DA:26,1
DA:27,1
DA:31,1
DA:32,1
DA:36,7
DA:37,7
DA:54,6
DA:55,5
DA:56,5
DA:59,5
DA:62,5
DA:68,1
DA:71,1
DA:76,2
LF:20
LH:20
BRDA:12,0,0,1
BRDA:12,0,1,2
BRDA:12,1,0,3
BRDA:12,1,1,2
BRDA:54,2,0,5
BRDA:54,2,1,1
BRDA:56,3,0,5
BRDA:56,3,1,2
BRDA:64,4,0,5
BRDA:64,4,1,1
BRDA:75,5,0,2
BRF:11
BRH:11
end_of_record
TN:
SF:controllers/cookie_toggle_controller.js
FN:7,connect
FN:12,toggle
FN:16,setupFormListener
FN:19,(anonymous_3)
FN:25,onFormSubmitEnd
FN:39,fetchCookieConsent
FN:47,cookieEndpointUrl
FN:53,syncCheckboxesFromAPI
FN:61,(anonymous_8)
FN:69,updateStatus
FN:71,(anonymous_10)
FNF:11
FNH:11
FNDA:1,connect
FNDA:1,toggle
FNDA:4,setupFormListener
FNDA:1,(anonymous_3)
FNDA:6,onFormSubmitEnd
FNDA:7,fetchCookieConsent
FNDA:7,cookieEndpointUrl
FNDA:6,syncCheckboxesFromAPI
FNDA:24,(anonymous_8)
FNDA:8,updateStatus
FNDA:2,(anonymous_10)
DA:5,1
DA:8,1
DA:9,1
DA:13,1
DA:17,4
DA:18,4
DA:19,2
DA:20,1
DA:26,6
DA:27,5
DA:28,5
DA:29,4
DA:30,3
DA:31,3
DA:34,1
DA:40,7
DA:41,6
DA:42,1
DA:44,5
DA:48,7
DA:49,7
DA:50,7
DA:54,6
DA:61,6
DA:62,24
DA:63,24
DA:64,1
DA:70,8
DA:71,2
DA:72,1
DA:73,1
LF:31
LH:31
BRDA:18,0,0,2
BRDA:18,0,1,2
BRDA:26,1,0,5
BRDA:26,1,1,1
BRDA:29,2,0,3
BRDA:29,2,1,1
BRDA:41,3,0,1
BRDA:41,3,1,5
BRDA:63,4,0,1
BRDA:63,4,1,23
BRDA:63,5,0,24
BRDA:63,5,1,12
BRDA:70,6,0,1
BRDA:70,6,1,7
BRF:14
BRH:14
end_of_record
TN:
SF:controllers/history_back_controller.js
FN:4,back
FNF:1
FNH:1
FNDA:2,back
DA:5,2
DA:6,1
DA:7,1
LF:3
LH:3
BRDA:5,0,0,1
BRDA:5,0,1,1
BRF:2
BRH:2
end_of_record
TN:
SF:controllers/index.js
FNF:0
FNH:0
DA:3,0
DA:5,0
DA:6,0
DA:12,0
LF:4
LH:0
BRF:0
BRH:0
end_of_record
TN:
SF:controllers/otp_resend_controller.js
FN:15,connect
FN:20,disconnect
FN:24,resend
FN:63,csrfToken
FN:68,clearOtpInput
FN:75,startCountdown
FN:85,(anonymous_6)
FN:95,stopCountdown
FN:102,renderButton
FN:111,resetButton
FNF:10
FNH:10
FNDA:1,connect
FNDA:1,disconnect
FNDA:7,resend
FNDA:7,csrfToken
FNDA:2,clearOtpInput
FNDA:3,startCountdown
FNDA:10,(anonymous_6)
FNDA:8,stopCountdown
FNDA:13,renderButton
FNDA:4,resetButton
DA:4,1
DA:6,1
DA:16,1
DA:17,1
DA:21,1
DA:25,7
DA:26,7
DA:27,1
DA:30,6
DA:31,6
DA:41,5
DA:43,5
DA:44,1
DA:45,1
DA:46,1
DA:47,1
DA:50,4
DA:51,2
DA:52,2
DA:53,2
DA:54,2
DA:57,2
DA:59,1
DA:64,7
DA:65,7
DA:69,2
DA:70,1
DA:71,1
DA:76,3
DA:77,3
DA:78,3
DA:80,3
DA:81,2
DA:82,2
DA:85,1
DA:86,10
DA:87,10
DA:88,1
DA:89,1
DA:91,9
DA:96,8
DA:97,2
DA:98,2
DA:103,13
DA:104,13
DA:105,10
DA:107,3
DA:112,4
DA:113,4
DA:114,4
DA:115,4
LF:51
LH:51
BRDA:26,0,0,1
BRDA:26,0,1,6
BRDA:43,1,0,1
BRDA:43,1,1,4
BRDA:43,2,0,5
BRDA:43,2,1,2
BRDA:50,3,0,2
BRDA:50,3,1,2
BRDA:51,4,0,2
BRDA:51,4,1,1
BRDA:65,5,0,6
BRDA:65,5,1,1
BRDA:69,6,0,1
BRDA:69,6,1,1
BRDA:80,7,0,2
BRDA:80,7,1,1
BRDA:87,8,0,1
BRDA:87,8,1,9
BRDA:96,9,0,2
BRDA:96,9,1,6
BRDA:104,10,0,10
BRDA:104,10,1,3
BRF:22
BRH:22
end_of_record
TN:
SF:controllers/passkey_authentication_controller.js
FN:30,csrfToken
FN:35,identifierValue
FN:42,authenticate
FN:149,ensureTurnstileToken
FN:161,ensureTurnstileScriptLoaded
FN:162,(anonymous_5)
FN:172,(anonymous_6)
FN:174,(anonymous_7)
FN:185,(anonymous_8)
FN:186,(anonymous_9)
FN:191,requestTurnstileToken
FN:192,(anonymous_11)
FN:201,(anonymous_12)
FN:207,(anonymous_13)
FN:208,(anonymous_14)
FN:216,encodeCredential
FN:234,bufferToBase64url
FN:243,showError
FN:253,showStatus
FN:260,clearMessages
FNF:20
FNH:20
FNDA:27,csrfToken
FNDA:19,identifierValue
FNDA:18,authenticate
FNDA:19,ensureTurnstileToken
FNDA:6,ensureTurnstileScriptLoaded
FNDA:6,(anonymous_5)
FNDA:1,(anonymous_6)
FNDA:1,(anonymous_7)
FNDA:2,(anonymous_8)
FNDA:1,(anonymous_9)
FNDA:5,requestTurnstileToken
FNDA:5,(anonymous_11)
FNDA:2,(anonymous_12)
FNDA:1,(anonymous_13)
FNDA:1,(anonymous_14)
FNDA:10,encodeCredential
FNDA:42,bufferToBase64url
FNDA:17,showError
FNDA:39,showStatus
FNDA:21,clearMessages
DA:18,1
DA:19,1
DA:31,27
DA:32,27
DA:36,19
DA:37,18
DA:39,1
DA:43,18
DA:44,18
DA:47,18
DA:48,1
DA:49,1
DA:52,17
DA:53,17
DA:54,1
DA:55,1
DA:58,16
DA:59,16
DA:60,16
DA:63,16
DA:76,16
DA:77,5
DA:78,5
DA:79,2
DA:80,2
DA:82,3
DA:83,1
DA:84,1
DA:86,2
DA:89,11
DA:91,11
DA:94,11
DA:95,11
DA:97,8
DA:100,8
DA:113,8
DA:114,5
DA:115,5
DA:116,2
DA:117,2
DA:119,3
DA:120,1
DA:121,1
DA:123,2
DA:126,3
DA:129,3
DA:130,1
DA:131,1
DA:132,2
DA:133,1
DA:134,1
DA:136,1
DA:139,12
DA:140,1
DA:141,11
DA:142,1
DA:144,10
DA:150,19
DA:151,1
DA:153,18
DA:154,17
DA:157,1
DA:158,1
DA:162,6
DA:163,6
DA:164,1
DA:165,1
DA:168,5
DA:171,5
DA:172,2
DA:173,2
DA:175,1
DA:178,2
DA:181,3
DA:182,3
DA:183,3
DA:184,3
DA:185,3
DA:186,3
DA:187,3
DA:192,5
DA:193,5
DA:194,5
DA:195,5
DA:196,5
DA:198,5
DA:202,2
DA:203,1
DA:205,2
DA:207,1
DA:208,1
DA:211,1
DA:217,10
DA:219,10
DA:235,42
DA:236,42
DA:237,42
DA:238,62
DA:240,42
DA:244,17
DA:245,16
DA:246,16
DA:248,17
DA:249,16
DA:254,39
DA:255,38
DA:256,38
DA:261,21
DA:262,20
DA:263,20
DA:265,21
DA:266,20
DA:267,20
LF:113
LH:113
BRDA:32,0,0,25
BRDA:32,0,1,2
BRDA:36,1,0,18
BRDA:36,1,1,1
BRDA:47,2,0,1
BRDA:47,2,1,17
BRDA:53,3,0,1
BRDA:53,3,1,16
BRDA:76,4,0,5
BRDA:76,4,1,11
BRDA:77,5,0,5
BRDA:77,5,1,1
BRDA:78,6,0,2
BRDA:78,6,1,3
BRDA:80,7,0,2
BRDA:80,7,1,1
BRDA:82,8,0,1
BRDA:82,8,1,2
BRDA:82,9,0,3
BRDA:82,9,1,2
BRDA:113,10,0,5
BRDA:113,10,1,3
BRDA:114,11,0,5
BRDA:114,11,1,1
BRDA:115,12,0,2
BRDA:115,12,1,3
BRDA:117,13,0,2
BRDA:117,13,1,1
BRDA:119,14,0,1
BRDA:119,14,1,2
BRDA:119,15,0,3
BRDA:119,15,1,2
BRDA:129,16,0,1
BRDA:129,16,1,2
BRDA:132,17,0,1
BRDA:132,17,1,1
BRDA:139,18,0,1
BRDA:139,18,1,11
BRDA:141,19,0,1
BRDA:141,19,1,10
BRDA:144,20,0,10
BRDA:144,20,1,1
BRDA:150,21,0,1
BRDA:150,21,1,18
BRDA:153,22,0,17
BRDA:153,22,1,1
BRDA:153,23,0,18
BRDA:153,23,1,18
BRDA:163,24,0,1
BRDA:163,24,1,5
BRDA:171,25,0,2
BRDA:171,25,1,3
BRDA:202,26,0,1
BRDA:202,26,1,1
BRDA:223,27,0,10
BRDA:223,27,1,9
BRDA:228,28,0,1
BRDA:228,28,1,9
BRDA:244,29,0,16
BRDA:244,29,1,1
BRDA:248,30,0,16
BRDA:248,30,1,1
BRDA:254,31,0,38
BRDA:254,31,1,1
BRDA:261,32,0,20
BRDA:261,32,1,1
BRDA:265,33,0,20
BRDA:265,33,1,1
BRF:68
BRH:68
end_of_record
TN:
SF:controllers/passkey_registration_controller.js
FN:33,csrfToken
FN:38,descriptionValue
FN:45,requestBeginUrl
FN:52,requestFinishUrl
FN:59,redirectUrl
FN:66,register
FN:167,ensureTurnstileToken
FN:179,ensureTurnstileScriptLoaded
FN:180,(anonymous_8)
FN:190,(anonymous_9)
FN:192,(anonymous_10)
FN:203,(anonymous_11)
FN:204,(anonymous_12)
FN:209,requestTurnstileToken
FN:210,(anonymous_14)
FN:219,(anonymous_15)
FN:225,(anonymous_16)
FN:226,(anonymous_17)
FN:234,encodeCredential
FN:250,bufferToBase64url
FN:259,showError
FN:269,showStatus
FN:276,clearMessages
FNF:23
FNH:23
FNDA:28,csrfToken
FNDA:11,descriptionValue
FNDA:19,requestBeginUrl
FNDA:12,requestFinishUrl
FNDA:5,redirectUrl
FNDA:18,register
FNDA:19,ensureTurnstileToken
FNDA:5,ensureTurnstileScriptLoaded
FNDA:5,(anonymous_8)
FNDA:1,(anonymous_9)
FNDA:1,(anonymous_10)
FNDA:1,(anonymous_11)
FNDA:1,(anonymous_12)
FNDA:5,requestTurnstileToken
FNDA:5,(anonymous_14)
FNDA:2,(anonymous_15)
FNDA:1,(anonymous_16)
FNDA:1,(anonymous_17)
FNDA:10,encodeCredential
FNDA:31,bufferToBase64url
FNDA:15,showError
FNDA:44,showStatus
FNDA:21,clearMessages
DA:18,1
DA:19,1
DA:34,28
DA:35,28
DA:39,11
DA:40,10
DA:42,1
DA:46,19
DA:47,18
DA:49,1
DA:53,12
DA:54,11
DA:56,1
DA:60,5
DA:61,3
DA:63,2
DA:67,18
DA:68,18
DA:71,18
DA:72,1
DA:73,1
DA:76,17
DA:77,17
DA:78,17
DA:81,17
DA:93,17
DA:94,5
DA:95,5
DA:96,2
DA:97,2
DA:99,3
DA:100,1
DA:101,1
DA:103,2
DA:106,12
DA:108,12
DA:111,12
DA:112,12
DA:114,9
DA:117,9
DA:134,9
DA:135,5
DA:136,5
DA:137,2
DA:138,2
DA:140,3
DA:141,1
DA:142,1
DA:144,2
DA:147,4
DA:150,4
DA:151,4
DA:152,3
DA:154,1
DA:157,11
DA:158,1
DA:159,10
DA:160,1
DA:162,9
DA:168,19
DA:169,1
DA:171,18
DA:172,17
DA:175,1
DA:176,1
DA:180,5
DA:181,5
DA:182,1
DA:183,1
DA:186,4
DA:189,4
DA:190,2
DA:191,2
DA:193,1
DA:196,2
DA:199,2
DA:200,2
DA:201,2
DA:202,2
DA:203,2
DA:204,2
DA:205,2
DA:210,5
DA:211,5
DA:212,5
DA:213,5
DA:214,5
DA:216,5
DA:220,2
DA:221,1
DA:223,2
DA:225,1
DA:226,1
DA:229,1
DA:235,10
DA:237,10
DA:251,31
DA:252,31
DA:253,31
DA:254,45
DA:256,31
DA:260,15
DA:261,14
DA:262,14
DA:264,15
DA:265,14
DA:270,44
DA:271,43
DA:272,43
DA:277,21
DA:278,20
DA:279,20
DA:281,21
DA:282,20
DA:283,20
LF:115
LH:115
BRDA:35,0,0,27
BRDA:35,0,1,1
BRDA:39,1,0,10
BRDA:39,1,1,1
BRDA:40,2,0,10
BRDA:40,2,1,9
BRDA:46,3,0,18
BRDA:46,3,1,1
BRDA:53,4,0,11
BRDA:53,4,1,1
BRDA:60,5,0,3
BRDA:60,5,1,2
BRDA:71,6,0,1
BRDA:71,6,1,17
BRDA:93,7,0,5
BRDA:93,7,1,12
BRDA:94,8,0,5
BRDA:94,8,1,1
BRDA:95,9,0,2
BRDA:95,9,1,3
BRDA:97,10,0,2
BRDA:97,10,1,1
BRDA:99,11,0,1
BRDA:99,11,1,2
BRDA:99,12,0,3
BRDA:99,12,1,2
BRDA:128,13,0,1
BRDA:128,13,1,8
BRDA:134,14,0,5
BRDA:134,14,1,4
BRDA:135,15,0,5
BRDA:135,15,1,1
BRDA:136,16,0,2
BRDA:136,16,1,3
BRDA:138,17,0,2
BRDA:138,17,1,1
BRDA:140,18,0,1
BRDA:140,18,1,2
BRDA:140,19,0,3
BRDA:140,19,1,2
BRDA:151,20,0,3
BRDA:151,20,1,1
BRDA:151,21,0,4
BRDA:151,21,1,2
BRDA:152,22,0,3
BRDA:152,22,1,1
BRDA:157,23,0,1
BRDA:157,23,1,10
BRDA:159,24,0,1
BRDA:159,24,1,9
BRDA:162,25,0,9
BRDA:162,25,1,1
BRDA:168,26,0,1
BRDA:168,26,1,18
BRDA:171,27,0,17
BRDA:171,27,1,1
BRDA:171,28,0,18
BRDA:171,28,1,18
BRDA:181,29,0,1
BRDA:181,29,1,4
BRDA:189,30,0,2
BRDA:189,30,1,2
BRDA:220,31,0,1
BRDA:220,31,1,1
BRDA:241,32,0,10
BRDA:241,32,1,8
BRDA:260,33,0,14
BRDA:260,33,1,1
BRDA:264,34,0,14
BRDA:264,34,1,1
BRDA:270,35,0,43
BRDA:270,35,1,1
BRDA:277,36,0,20
BRDA:277,36,1,1
BRDA:281,37,0,20
BRDA:281,37,1,1
BRF:76
BRH:76
end_of_record
TN:
SF:controllers/step_up_passkey_controller.js
FN:9,authenticate
FN:45,encodeCredential
FN:63,bufferToBase64url
FN:72,showError
FN:82,showStatus
FN:89,clearMessages
FNF:6
FNH:6
FNDA:10,authenticate
FNDA:3,encodeCredential
FNDA:13,bufferToBase64url
FNDA:9,showError
FNDA:11,showStatus
FNDA:12,clearMessages
DA:6,1
DA:7,1
DA:10,10
DA:11,10
DA:13,10
DA:14,1
DA:15,1
DA:18,9
DA:19,2
DA:20,2
DA:23,7
DA:24,7
DA:25,7
DA:26,7
DA:27,7
DA:29,3
DA:30,3
DA:32,3
DA:33,3
DA:35,4
DA:36,1
DA:37,3
DA:38,1
DA:40,2
DA:46,3
DA:48,3
DA:64,13
DA:65,13
DA:66,13
DA:67,31
DA:69,13
DA:73,9
DA:74,8
DA:75,8
DA:77,9
DA:78,8
DA:83,11
DA:84,10
DA:85,10
DA:90,12
DA:91,11
DA:92,11
DA:94,12
DA:95,11
DA:96,11
LF:45
LH:45
BRDA:13,0,0,1
BRDA:13,0,1,9
BRDA:18,1,0,2
BRDA:18,1,1,7
BRDA:18,2,0,9
BRDA:18,2,1,8
BRDA:35,3,0,1
BRDA:35,3,1,3
BRDA:37,4,0,1
BRDA:37,4,1,2
BRDA:40,5,0,2
BRDA:40,5,1,1
BRDA:52,6,0,3
BRDA:52,6,1,2
BRDA:57,7,0,1
BRDA:57,7,1,2
BRDA:73,8,0,8
BRDA:73,8,1,1
BRDA:77,9,0,8
BRDA:77,9,1,1
BRDA:83,10,0,10
BRDA:83,10,1,1
BRDA:90,11,0,11
BRDA:90,11,1,1
BRDA:94,12,0,11
BRDA:94,12,1,1
BRF:26
BRH:26
end_of_record
TN:
SF:controllers/theme_controller.js
FN:12,readCookie
FN:15,(anonymous_1)
FN:16,(anonymous_2)
FN:20,resolveTheme
FN:27,applyTheme
FN:30,(anonymous_5)
FN:39,(anonymous_6)
FN:45,applyThemeFromCookie
FN:57,connect
FN:61,select
FN:71,persistTheme
FN:103,fetchAndSyncTheme
FN:122,themeEndpointUrl
FN:132,syncRadio
FN:142,syncRadioFromThemeCode
FN:151,applyThemeFromCode
FNF:16
FNH:16
FNDA:18,readCookie
FNDA:20,(anonymous_1)
FNDA:19,(anonymous_2)
FNDA:5,resolveTheme
FNDA:49,applyTheme
FNDA:26,(anonymous_5)
FNDA:2,(anonymous_6)
FNDA:5,applyThemeFromCookie
FNDA:1,connect
FNDA:17,select
FNDA:21,persistTheme
FNDA:8,fetchAndSyncTheme
FNDA:29,themeEndpointUrl
FNDA:13,syncRadio
FNDA:43,syncRadioFromThemeCode
FNDA:44,applyThemeFromCode
DA:3,1
DA:13,18
DA:15,20
DA:16,19
DA:17,18
DA:21,5
DA:22,1
DA:24,4
DA:28,49
DA:29,49
DA:30,49
DA:31,49
DA:32,49
DA:33,49
DA:34,49
DA:35,49
DA:37,49
DA:38,14
DA:39,14
DA:40,2
DA:46,5
DA:47,5
DA:48,5
DA:50,5
DA:51,5
DA:52,1
DA:58,1
DA:62,17
DA:63,17
DA:64,17
DA:65,17
DA:66,17
DA:67,17
DA:68,17
DA:72,21
DA:73,21
DA:74,21
DA:78,21
DA:79,5
DA:82,21
DA:88,5
DA:89,2
DA:92,3
DA:93,3
DA:94,21
DA:95,21
DA:97,18
DA:98,18
DA:99,18
DA:104,8
DA:105,8
DA:106,6
DA:107,3
DA:109,3
DA:110,3
DA:111,8
DA:112,1
DA:114,2
DA:115,2
DA:117,5
DA:118,5
DA:123,29
DA:124,29
DA:125,29
DA:126,21
DA:127,21
DA:129,29
DA:133,13
DA:134,13
DA:135,13
DA:136,13
DA:137,13
DA:138,7
DA:143,43
DA:144,43
DA:145,43
DA:146,43
DA:147,2
DA:152,44
DA:153,44
DA:154,44
DA:156,44
DA:157,44
DA:158,9
LF:84
LH:84
BRDA:17,0,0,14
BRDA:17,0,1,4
BRDA:21,1,0,1
BRDA:21,1,1,4
BRDA:24,2,0,4
BRDA:24,2,1,1
BRDA:30,3,0,3
BRDA:30,3,1,23
BRDA:31,4,0,24
BRDA:31,4,1,25
BRDA:37,5,0,14
BRDA:37,5,1,35
BRDA:37,6,0,49
BRDA:37,6,1,24
BRDA:51,7,0,1
BRDA:51,7,1,4
BRDA:63,8,0,17
BRDA:63,8,1,1
BRDA:78,9,0,5
BRDA:78,9,1,16
BRDA:88,10,0,2
BRDA:88,10,1,3
BRDA:93,11,0,3
BRDA:93,11,1,2
BRDA:93,11,2,1
BRDA:97,12,0,18
BRDA:97,12,1,1
BRDA:106,13,0,3
BRDA:106,13,1,3
BRDA:110,14,0,3
BRDA:110,14,1,1
BRDA:111,15,0,1
BRDA:111,15,1,7
BRDA:122,16,0,29
BRDA:122,17,0,29
BRDA:125,18,0,21
BRDA:125,18,1,8
BRDA:135,19,0,13
BRDA:135,19,1,5
BRDA:137,20,0,7
BRDA:137,20,1,6
BRDA:144,21,0,43
BRDA:144,21,1,1
BRDA:146,22,0,2
BRDA:146,22,1,41
BRDA:153,23,0,44
BRDA:153,23,1,1
BRDA:157,24,0,9
BRDA:157,24,1,35
BRF:49
BRH:49
end_of_record
TN:
SF:controllers/theme_toggle_controller.js
FN:9,connect
FN:13,toggle
FN:22,updateTheme
FN:59,dispatchError
FNF:4
FNH:4
FNDA:4,connect
FNDA:4,toggle
FNDA:8,updateTheme
FNDA:4,dispatchError
DA:4,1
DA:10,4
DA:14,4
DA:15,4
DA:16,2
DA:19,2
DA:23,8
DA:24,8
DA:36,7
DA:37,4
DA:38,4
DA:41,4
DA:44,4
DA:52,1
DA:55,3
DA:60,4
LF:16
LH:16
BRDA:10,0,0,4
BRDA:10,0,1,2
BRDA:14,1,0,4
BRDA:14,1,1,1
BRDA:15,2,0,2
BRDA:15,2,1,2
BRDA:15,3,0,4
BRDA:15,3,1,3
BRDA:36,4,0,4
BRDA:36,4,1,1
BRDA:38,5,0,4
BRDA:38,5,1,2
BRDA:46,6,0,4
BRDA:46,6,1,1
BRDA:59,7,0,4
BRF:15
BRH:15
end_of_record
TN:
SF:controllers/turnstile_controller.js
FN:10,connect
FN:30,disconnect
FN:39,(anonymous_2)
FN:60,challengeOptions
FN:63,(anonymous_4)
FN:67,(anonymous_5)
FN:74,(anonymous_6)
FN:78,(anonymous_7)
FN:84,(anonymous_8)
FN:93,dispatchTurnstileEvent
FN:101,(anonymous_10)
FNF:11
FNH:11
FNDA:3,connect
FNDA:2,disconnect
FNDA:9,(anonymous_2)
FNDA:9,challengeOptions
FNDA:1,(anonymous_4)
FNDA:1,(anonymous_5)
FNDA:1,(anonymous_6)
FNDA:1,(anonymous_7)
FNDA:1,(anonymous_8)
FNDA:6,dispatchTurnstileEvent
FNDA:1,(anonymous_10)
DA:4,1
DA:6,1
DA:11,3
DA:13,3
DA:16,3
DA:17,1
DA:18,1
DA:21,3
DA:23,3
DA:24,1
DA:26,2
DA:31,2
DA:32,1
DA:33,1
DA:35,2
DA:36,2
DA:39,9
DA:40,9
DA:46,5
DA:49,4
DA:50,1
DA:51,1
DA:52,1
DA:53,1
DA:56,3
DA:57,3
DA:61,9
DA:64,1
DA:65,1
DA:68,1
DA:70,1
DA:71,1
DA:72,1
DA:75,1
DA:76,1
DA:79,1
DA:81,1
DA:82,1
DA:85,1
DA:87,1
DA:88,1
DA:94,6
DA:101,1
DA:103,1
LF:44
LH:44
BRDA:16,0,0,1
BRDA:16,0,1,2
BRDA:23,1,0,1
BRDA:23,1,1,2
BRDA:31,2,0,1
BRDA:31,2,1,1
BRDA:40,3,0,5
BRDA:40,3,1,4
BRDA:41,4,0,9
BRDA:41,4,1,7
BRDA:41,4,2,6
BRDA:41,4,3,5
BRDA:49,5,0,1
BRDA:49,5,1,3
BRDA:93,6,0,6
BRF:15
BRH:15
end_of_record
TN:
SF:controllers/unsaved_changes_controller.js
FN:7,connect
FN:17,disconnect
FN:25,(anonymous_2)
FN:29,(anonymous_3)
FN:33,(anonymous_4)
FN:44,(anonymous_5)
FNF:6
FNH:6
FNDA:8,connect
FNDA:1,disconnect
FNDA:2,(anonymous_2)
FNDA:1,(anonymous_3)
FNDA:4,(anonymous_4)
FNDA:3,(anonymous_5)
DA:5,1
DA:8,8
DA:10,8
DA:11,8
DA:12,8
DA:13,8
DA:14,8
DA:18,1
DA:19,1
DA:20,1
DA:21,1
DA:22,1
DA:25,2
DA:26,2
DA:29,1
DA:30,1
DA:33,4
DA:34,4
DA:35,1
DA:37,3
DA:39,4
DA:40,2
DA:44,3
DA:45,3
DA:46,1
DA:48,2
DA:49,3
DA:50,3
LF:28
LH:28
BRDA:34,0,0,1
BRDA:34,0,1,3
BRDA:37,1,0,3
BRDA:37,1,1,1
BRDA:39,2,0,2
BRDA:39,2,1,2
BRDA:45,3,0,1
BRDA:45,3,1,2
BRDA:48,4,0,2
BRDA:48,4,1,1
BRF:10
BRH:10
end_of_record
TN:
SF:controllers/webauthn_utils.js
FN:1,describeInput
FN:14,toArrayBuffer
FN:39,normalizeCredentialList
FN:46,(anonymous_3)
FN:52,normalizePublicKeyOptions
FNF:5
FNH:5
FNDA:10,describeInput
FNDA:16,toArrayBuffer
FNDA:5,normalizeCredentialList
FNDA:2,(anonymous_3)
FNDA:11,normalizePublicKeyOptions
DA:2,10
DA:3,3
DA:5,7
DA:6,3
DA:8,4
DA:9,3
DA:11,1
DA:15,16
DA:16,7
DA:17,7
DA:18,7
DA:19,7
DA:20,7
DA:21,58
DA:23,7
DA:26,9
DA:27,1
DA:30,8
DA:31,1
DA:34,7
DA:40,5
DA:41,1
DA:43,4
DA:44,2
DA:46,2
DA:53,11
DA:54,3
DA:57,8
DA:58,11
DA:60,11
DA:61,3
DA:64,8
DA:65,1
DA:68,8
DA:69,3
DA:75,7
DA:76,2
DA:82,6
LF:38
LH:38
BRDA:2,0,0,3
BRDA:2,0,1,7
BRDA:5,1,0,3
BRDA:5,1,1,4
BRDA:8,2,0,3
BRDA:8,2,1,1
BRDA:8,3,0,4
BRDA:8,3,1,4
BRDA:8,3,2,3
BRDA:14,4,0,16
BRDA:15,5,0,7
BRDA:15,5,1,9
BRDA:26,6,0,1
BRDA:26,6,1,8
BRDA:30,7,0,1
BRDA:30,7,1,7
BRDA:40,8,0,1
BRDA:40,8,1,4
BRDA:40,9,0,5
BRDA:40,9,1,5
BRDA:43,10,0,2
BRDA:43,10,1,2
BRDA:53,11,0,3
BRDA:53,11,1,8
BRDA:53,12,0,11
BRDA:53,12,1,9
BRDA:57,13,0,1
BRDA:57,13,1,7
BRDA:60,14,0,3
BRDA:60,14,1,8
BRDA:64,15,0,1
BRDA:64,15,1,7
BRDA:64,16,0,8
BRDA:64,16,1,1
BRDA:68,17,0,3
BRDA:68,17,1,5
BRDA:75,18,0,2
BRDA:75,18,1,5
BRF:38
BRH:38
end_of_record
TN:
SF:entrypoints/application.ts
FNF:0
FNH:0
LF:0
LH:0
BRF:0
BRH:0
end_of_record
TN:
SF:entrypoints/inertia.tsx
FN:4,(anonymous_0)
FN:22,(anonymous_1)
FNF:2
FNH:0
FNDA:0,(anonymous_0)
FNDA:0,(anonymous_1)
DA:3,0
DA:6,0
DA:8,0
DA:9,0
DA:10,0
DA:30,0
DA:31,0
LF:7
LH:0
BRDA:8,0,0,0
BRDA:8,0,1,0
BRDA:9,1,0,0
BRDA:9,1,1,0
BRDA:10,2,0,0
BRDA:10,2,1,0
BRDA:30,3,0,0
BRF:7
BRH:0
end_of_record
TN:
SF:types/index.ts
FNF:0
FNH:0
LF:0
LH:0
BRF:0
BRH:0
end_of_record
