TN:
SF:theme_cookie.js
FN:10,readCookie
FN:13,(anonymous_1)
FN:14,(anonymous_2)
FN:18,resolveTheme
FN:25,applyTheme
FN:28,(anonymous_5)
FN:37,(anonymous_6)
FN:43,initThemeFromCookie
FNF:8
FNH:8
FNDA:8,readCookie
FNDA:8,(anonymous_1)
FNDA:8,(anonymous_2)
FNDA:8,resolveTheme
FNDA:8,applyTheme
FNDA:6,(anonymous_5)
FNDA:2,(anonymous_6)
FNDA:8,initThemeFromCookie
DA:1,1
DA:11,8
DA:13,8
DA:14,8
DA:15,8
DA:19,8
DA:20,1
DA:22,7
DA:26,8
DA:27,8
DA:28,8
DA:29,8
DA:30,8
DA:31,8
DA:32,8
DA:33,8
DA:35,8
DA:36,4
DA:37,4
DA:38,2
DA:44,8
DA:45,8
DA:46,8
DA:48,8
DA:49,8
DA:50,1
DA:54,1
DA:55,1
LF:28
LH:28
BRDA:15,0,0,7
BRDA:15,0,1,1
BRDA:19,1,0,1
BRDA:19,1,1,7
BRDA:22,2,0,7
BRDA:22,2,1,1
BRDA:28,3,0,2
BRDA:28,3,1,4
BRDA:29,4,0,4
BRDA:29,4,1,4
BRDA:35,5,0,4
BRDA:35,5,1,4
BRDA:35,6,0,8
BRDA:35,6,1,4
BRDA:49,7,0,1
BRDA:49,7,1,7
BRF:16
BRH:16
end_of_record
TN:
SF:controllers/cookie_banner_controller.js
FN:5,(anonymous_0)
FN:9,(anonymous_1)
FN:22,(anonymous_2)
FN:31,(anonymous_3)
FN:37,(anonymous_4)
FN:44,(anonymous_5)
FN:51,(anonymous_6)
FN:56,(anonymous_7)
FN:66,(anonymous_8)
FN:75,(anonymous_9)
FN:82,(anonymous_10)
FN:96,(anonymous_11)
FNF:12
FNH:12
FNDA:1,(anonymous_0)
FNDA:5,(anonymous_1)
FNDA:7,(anonymous_2)
FNDA:1,(anonymous_3)
FNDA:1,(anonymous_4)
FNDA:1,(anonymous_5)
FNDA:3,(anonymous_6)
FNDA:3,(anonymous_7)
FNDA:9,(anonymous_8)
FNDA:2,(anonymous_9)
FNDA:8,(anonymous_10)
FNDA:5,(anonymous_11)
DA:6,1
DA:10,5
DA:11,5
DA:12,2
DA:13,1
DA:16,3
DA:17,1
DA:23,7
DA:24,3
DA:27,4
DA:32,1
DA:33,1
DA:38,1
DA:39,1
DA:40,1
DA:45,1
DA:46,1
DA:47,1
DA:52,3
DA:53,3
DA:57,3
DA:58,3
DA:59,1
DA:61,2
DA:67,9
DA:68,5
DA:69,1
DA:71,3
DA:76,2
DA:77,2
DA:78,2
DA:83,8
DA:84,8
DA:85,8
DA:86,8
DA:87,8
DA:88,8
DA:89,3
DA:92,5
DA:97,5
LF:40
LH:40
BRDA:12,0,0,1
BRDA:12,0,1,1
BRDA:12,1,0,2
BRDA:12,1,1,2
BRDA:16,2,0,1
BRDA:16,2,1,2
BRDA:23,3,0,3
BRDA:23,3,1,4
BRDA:68,4,0,1
BRDA:68,4,1,4
BRDA:88,5,0,3
BRDA:88,5,1,5
BRF:12
BRH:12
end_of_record
TN:
SF:controllers/cookie_consent_controller.js
FN:10,(anonymous_0)
FN:17,(anonymous_1)
FN:21,(anonymous_2)
FN:25,(anonymous_3)
FN:30,(anonymous_4)
FN:35,(anonymous_5)
FN:78,(anonymous_6)
FNF:7
FNH:7
FNDA:3,(anonymous_0)
FNDA:2,(anonymous_1)
FNDA:6,(anonymous_2)
FNDA:1,(anonymous_3)
FNDA:1,(anonymous_4)
FNDA:7,(anonymous_5)
FNDA:2,(anonymous_6)
DA:4,1
DA:5,1
DA:12,3
DA:13,1
DA:18,2
DA:22,6
DA:26,1
DA:27,1
DA:31,1
DA:32,1
DA:36,7
DA:37,7
DA:54,6
DA:55,5
DA:56,5
DA:59,5
DA:62,5
DA:65,5
DA:71,1
DA:74,1
DA:79,2
LF:21
LH:21
BRDA:12,0,0,1
BRDA:12,0,1,2
BRDA:12,1,0,3
BRDA:12,1,1,2
BRDA:54,2,0,5
BRDA:54,2,1,1
BRDA:56,3,0,5
BRDA:56,3,1,2
BRDA:59,4,0,3
BRDA:59,4,1,2
BRDA:67,5,0,5
BRDA:67,5,1,1
BRDA:78,6,0,2
BRF:13
BRH:13
end_of_record
TN:
SF:controllers/cookie_toggle_controller.js
FN:7,(anonymous_0)
FN:12,(anonymous_1)
FN:16,(anonymous_2)
FN:19,(anonymous_3)
FN:25,(anonymous_4)
FN:39,(anonymous_5)
FN:47,(anonymous_6)
FN:55,(anonymous_7)
FN:63,(anonymous_8)
FN:65,(anonymous_9)
FNF:10
FNH:9
FNDA:1,(anonymous_0)
FNDA:1,(anonymous_1)
FNDA:3,(anonymous_2)
FNDA:0,(anonymous_3)
FNDA:4,(anonymous_4)
FNDA:4,(anonymous_5)
FNDA:5,(anonymous_6)
FNDA:20,(anonymous_7)
FNDA:7,(anonymous_8)
FNDA:2,(anonymous_9)
DA:5,1
DA:8,1
DA:9,1
DA:13,1
DA:17,3
DA:18,3
DA:19,1
DA:20,0
DA:26,4
DA:27,3
DA:28,3
DA:29,2
DA:30,2
DA:31,2
DA:34,1
DA:40,4
DA:41,3
DA:42,1
DA:44,2
DA:48,5
DA:55,5
DA:56,20
DA:57,20
DA:58,1
DA:64,7
DA:65,2
DA:66,1
DA:67,1
LF:28
LH:27
BRDA:18,0,0,1
BRDA:18,0,1,2
BRDA:26,1,0,3
BRDA:26,1,1,1
BRDA:29,2,0,2
BRDA:29,2,1,0
BRDA:41,3,0,1
BRDA:41,3,1,2
BRDA:57,4,0,1
BRDA:57,4,1,19
BRDA:57,5,0,20
BRDA:57,5,1,2
BRDA:64,6,0,1
BRDA:64,6,1,6
BRF:14
BRH:13
end_of_record
TN:
SF:controllers/history_back_controller.js
FN:4,(anonymous_0)
FNF:1
FNH:1
FNDA:2,(anonymous_0)
DA:5,2
DA:6,1
DA:7,1
LF:3
LH:3
BRDA:5,0,0,1
BRDA:5,0,1,1
BRF:2
BRH:2
end_of_record
TN:
SF:controllers/otp_resend_controller.js
FN:15,(anonymous_0)
FN:20,(anonymous_1)
FN:24,(anonymous_2)
FN:63,(anonymous_3)
FN:68,(anonymous_4)
FN:75,(anonymous_5)
FN:85,(anonymous_6)
FN:95,(anonymous_7)
FN:102,(anonymous_8)
FN:111,(anonymous_9)
FNF:10
FNH:10
FNDA:1,(anonymous_0)
FNDA:1,(anonymous_1)
FNDA:6,(anonymous_2)
FNDA:5,(anonymous_3)
FNDA:1,(anonymous_4)
FNDA:2,(anonymous_5)
FNDA:10,(anonymous_6)
FNDA:6,(anonymous_7)
FNDA:12,(anonymous_8)
FNDA:3,(anonymous_9)
DA:4,1
DA:6,1
DA:16,1
DA:17,1
DA:21,1
DA:25,6
DA:26,6
DA:27,1
DA:30,5
DA:31,5
DA:41,4
DA:43,4
DA:44,1
DA:45,1
DA:46,1
DA:47,1
DA:50,3
DA:51,1
DA:52,1
DA:53,1
DA:54,1
DA:57,2
DA:59,1
DA:64,5
DA:65,5
DA:69,1
DA:70,1
DA:71,1
DA:76,2
DA:77,2
DA:78,2
DA:80,2
DA:81,1
DA:82,1
DA:85,1
DA:86,10
DA:87,10
DA:88,1
DA:89,1
DA:91,9
DA:96,6
DA:97,2
DA:98,2
DA:103,12
DA:104,12
DA:105,10
DA:107,2
DA:112,3
DA:113,3
DA:114,3
DA:115,3
LF:51
LH:51
BRDA:26,0,0,1
BRDA:26,0,1,5
BRDA:43,1,0,1
BRDA:43,1,1,3
BRDA:43,2,0,4
BRDA:43,2,1,2
BRDA:50,3,0,1
BRDA:50,3,1,2
BRDA:51,4,0,1
BRDA:51,4,1,0
BRDA:65,5,0,5
BRDA:65,5,1,0
BRDA:69,6,0,1
BRDA:69,6,1,0
BRDA:80,7,0,1
BRDA:80,7,1,1
BRDA:87,8,0,1
BRDA:87,8,1,9
BRDA:96,9,0,2
BRDA:96,9,1,4
BRDA:104,10,0,10
BRDA:104,10,1,2
BRF:22
BRH:19
end_of_record
TN:
SF:controllers/passkey_authentication_controller.js
FN:29,(anonymous_0)
FN:34,(anonymous_1)
FN:41,(anonymous_2)
FN:148,(anonymous_3)
FN:160,(anonymous_4)
FN:161,(anonymous_5)
FN:171,(anonymous_6)
FN:173,(anonymous_7)
FN:184,(anonymous_8)
FN:185,(anonymous_9)
FN:190,(anonymous_10)
FN:191,(anonymous_11)
FN:200,(anonymous_12)
FN:206,(anonymous_13)
FN:207,(anonymous_14)
FN:215,(anonymous_15)
FN:233,(anonymous_16)
FN:242,(anonymous_17)
FN:252,(anonymous_18)
FN:259,(anonymous_19)
FNF:20
FNH:19
FNDA:16,(anonymous_0)
FNDA:12,(anonymous_1)
FNDA:11,(anonymous_2)
FNDA:12,(anonymous_3)
FNDA:5,(anonymous_4)
FNDA:5,(anonymous_5)
FNDA:1,(anonymous_6)
FNDA:0,(anonymous_7)
FNDA:2,(anonymous_8)
FNDA:1,(anonymous_9)
FNDA:4,(anonymous_10)
FNDA:4,(anonymous_11)
FNDA:1,(anonymous_12)
FNDA:1,(anonymous_13)
FNDA:1,(anonymous_14)
FNDA:7,(anonymous_15)
FNDA:30,(anonymous_16)
FNDA:10,(anonymous_17)
FNDA:25,(anonymous_18)
FNDA:14,(anonymous_19)
DA:17,1
DA:18,1
DA:30,16
DA:31,16
DA:35,12
DA:36,11
DA:38,1
DA:42,11
DA:43,11
DA:46,11
DA:47,1
DA:48,1
DA:51,10
DA:52,10
DA:53,1
DA:54,1
DA:57,9
DA:58,9
DA:59,9
DA:62,9
DA:75,9
DA:76,2
DA:77,2
DA:78,1
DA:79,1
DA:81,1
DA:82,1
DA:83,1
DA:85,0
DA:88,7
DA:90,7
DA:93,7
DA:94,7
DA:96,5
DA:99,5
DA:112,5
DA:113,2
DA:114,2
DA:115,1
DA:116,1
DA:118,1
DA:119,1
DA:120,1
DA:122,0
DA:125,3
DA:128,3
DA:129,1
DA:130,1
DA:131,2
DA:132,1
DA:133,1
DA:135,1
DA:138,5
DA:139,1
DA:140,4
DA:141,1
DA:143,3
DA:149,12
DA:150,1
DA:152,11
DA:153,10
DA:156,1
DA:157,1
DA:161,5
DA:162,5
DA:163,1
DA:164,1
DA:167,4
DA:170,4
DA:171,1
DA:172,1
DA:174,0
DA:177,1
DA:180,3
DA:181,3
DA:182,3
DA:183,3
DA:184,3
DA:185,3
DA:186,3
DA:191,4
DA:192,4
DA:193,4
DA:194,4
DA:195,4
DA:197,4
DA:201,1
DA:202,1
DA:204,1
DA:206,1
DA:207,1
DA:210,1
DA:216,7
DA:218,7
DA:234,30
DA:235,30
DA:236,30
DA:237,50
DA:239,30
DA:243,10
DA:244,9
DA:245,9
DA:247,10
DA:248,9
DA:253,25
DA:254,24
DA:255,24
DA:260,14
DA:261,13
DA:262,13
DA:264,14
DA:265,13
DA:266,13
LF:113
LH:110
BRDA:31,0,0,15
BRDA:31,0,1,1
BRDA:35,1,0,11
BRDA:35,1,1,1
BRDA:46,2,0,1
BRDA:46,2,1,10
BRDA:52,3,0,1
BRDA:52,3,1,9
BRDA:75,4,0,2
BRDA:75,4,1,7
BRDA:76,5,0,2
BRDA:76,5,1,0
BRDA:77,6,0,1
BRDA:77,6,1,1
BRDA:79,7,0,1
BRDA:79,7,1,0
BRDA:81,8,0,1
BRDA:81,8,1,0
BRDA:81,9,0,1
BRDA:81,9,1,0
BRDA:112,10,0,2
BRDA:112,10,1,3
BRDA:113,11,0,2
BRDA:113,11,1,0
BRDA:114,12,0,1
BRDA:114,12,1,1
BRDA:116,13,0,1
BRDA:116,13,1,0
BRDA:118,14,0,1
BRDA:118,14,1,0
BRDA:118,15,0,1
BRDA:118,15,1,0
BRDA:128,16,0,1
BRDA:128,16,1,2
BRDA:131,17,0,1
BRDA:131,17,1,1
BRDA:138,18,0,1
BRDA:138,18,1,4
BRDA:140,19,0,1
BRDA:140,19,1,3
BRDA:143,20,0,3
BRDA:143,20,1,0
BRDA:149,21,0,1
BRDA:149,21,1,11
BRDA:152,22,0,10
BRDA:152,22,1,1
BRDA:152,23,0,11
BRDA:152,23,1,11
BRDA:162,24,0,1
BRDA:162,24,1,4
BRDA:170,25,0,1
BRDA:170,25,1,3
BRDA:201,26,0,1
BRDA:201,26,1,0
BRDA:222,27,0,7
BRDA:222,27,1,6
BRDA:227,28,0,1
BRDA:227,28,1,6
BRDA:243,29,0,9
BRDA:243,29,1,1
BRDA:247,30,0,9
BRDA:247,30,1,1
BRDA:253,31,0,24
BRDA:253,31,1,1
BRDA:260,32,0,13
BRDA:260,32,1,1
BRDA:264,33,0,13
BRDA:264,33,1,1
BRF:68
BRH:58
end_of_record
TN:
SF:controllers/passkey_registration_controller.js
FN:32,(anonymous_0)
FN:37,(anonymous_1)
FN:44,(anonymous_2)
FN:51,(anonymous_3)
FN:58,(anonymous_4)
FN:65,(anonymous_5)
FN:166,(anonymous_6)
FN:178,(anonymous_7)
FN:179,(anonymous_8)
FN:189,(anonymous_9)
FN:191,(anonymous_10)
FN:202,(anonymous_11)
FN:203,(anonymous_12)
FN:208,(anonymous_13)
FN:209,(anonymous_14)
FN:218,(anonymous_15)
FN:224,(anonymous_16)
FN:225,(anonymous_17)
FN:233,(anonymous_18)
FN:249,(anonymous_19)
FN:258,(anonymous_20)
FN:268,(anonymous_21)
FN:275,(anonymous_22)
FNF:23
FNH:19
FNDA:12,(anonymous_0)
FNDA:5,(anonymous_1)
FNDA:10,(anonymous_2)
FNDA:5,(anonymous_3)
FNDA:3,(anonymous_4)
FNDA:9,(anonymous_5)
FNDA:9,(anonymous_6)
FNDA:2,(anonymous_7)
FNDA:2,(anonymous_8)
FNDA:0,(anonymous_9)
FNDA:1,(anonymous_10)
FNDA:1,(anonymous_11)
FNDA:0,(anonymous_12)
FNDA:2,(anonymous_13)
FNDA:2,(anonymous_14)
FNDA:1,(anonymous_15)
FNDA:0,(anonymous_16)
FNDA:0,(anonymous_17)
FNDA:4,(anonymous_18)
FNDA:13,(anonymous_19)
FNDA:8,(anonymous_20)
FNDA:21,(anonymous_21)
FNDA:10,(anonymous_22)
DA:17,1
DA:18,1
DA:33,12
DA:34,12
DA:38,5
DA:39,4
DA:41,1
DA:45,10
DA:46,9
DA:48,1
DA:52,5
DA:53,4
DA:55,1
DA:59,3
DA:60,1
DA:62,2
DA:66,9
DA:67,9
DA:70,9
DA:71,1
DA:72,1
DA:75,8
DA:76,8
DA:77,8
DA:80,8
DA:92,8
DA:93,2
DA:94,2
DA:95,1
DA:96,1
DA:98,1
DA:99,1
DA:100,1
DA:102,0
DA:105,6
DA:107,6
DA:110,6
DA:111,6
DA:113,3
DA:116,3
DA:133,3
DA:134,1
DA:135,1
DA:136,1
DA:137,1
DA:139,0
DA:140,0
DA:141,0
DA:143,0
DA:146,2
DA:149,2
DA:150,2
DA:151,1
DA:153,1
DA:156,5
DA:157,1
DA:158,4
DA:159,1
DA:161,3
DA:167,9
DA:168,0
DA:170,9
DA:171,8
DA:174,1
DA:175,1
DA:179,2
DA:180,2
DA:181,0
DA:182,0
DA:185,2
DA:188,2
DA:189,1
DA:190,1
DA:192,1
DA:195,1
DA:198,1
DA:199,1
DA:200,1
DA:201,1
DA:202,1
DA:203,1
DA:204,1
DA:209,2
DA:210,2
DA:211,2
DA:212,2
DA:213,2
DA:215,2
DA:219,1
DA:220,1
DA:222,1
DA:224,0
DA:225,0
DA:228,1
DA:234,4
DA:236,4
DA:250,13
DA:251,13
DA:252,13
DA:253,27
DA:255,13
DA:259,8
DA:260,7
DA:261,7
DA:263,8
DA:264,8
DA:269,21
DA:270,20
DA:271,20
DA:276,10
DA:277,10
DA:278,10
DA:280,10
DA:281,10
DA:282,10
LF:115
LH:105
BRDA:34,0,0,12
BRDA:34,0,1,0
BRDA:38,1,0,4
BRDA:38,1,1,1
BRDA:39,2,0,4
BRDA:39,2,1,3
BRDA:45,3,0,9
BRDA:45,3,1,1
BRDA:52,4,0,4
BRDA:52,4,1,1
BRDA:59,5,0,1
BRDA:59,5,1,2
BRDA:70,6,0,1
BRDA:70,6,1,8
BRDA:92,7,0,2
BRDA:92,7,1,6
BRDA:93,8,0,2
BRDA:93,8,1,0
BRDA:94,9,0,1
BRDA:94,9,1,1
BRDA:96,10,0,1
BRDA:96,10,1,0
BRDA:98,11,0,1
BRDA:98,11,1,0
BRDA:98,12,0,1
BRDA:98,12,1,0
BRDA:127,13,0,0
BRDA:127,13,1,3
BRDA:133,14,0,1
BRDA:133,14,1,2
BRDA:134,15,0,1
BRDA:134,15,1,0
BRDA:135,16,0,1
BRDA:135,16,1,0
BRDA:137,17,0,1
BRDA:137,17,1,0
BRDA:139,18,0,0
BRDA:139,18,1,0
BRDA:139,19,0,0
BRDA:139,19,1,0
BRDA:150,20,0,1
BRDA:150,20,1,1
BRDA:150,21,0,2
BRDA:150,21,1,1
BRDA:151,22,0,1
BRDA:151,22,1,0
BRDA:156,23,0,1
BRDA:156,23,1,4
BRDA:158,24,0,1
BRDA:158,24,1,3
BRDA:161,25,0,3
BRDA:161,25,1,0
BRDA:167,26,0,0
BRDA:167,26,1,9
BRDA:170,27,0,8
BRDA:170,27,1,1
BRDA:170,28,0,9
BRDA:170,28,1,9
BRDA:180,29,0,0
BRDA:180,29,1,2
BRDA:188,30,0,1
BRDA:188,30,1,1
BRDA:219,31,0,1
BRDA:219,31,1,0
BRDA:240,32,0,4
BRDA:240,32,1,2
BRDA:259,33,0,7
BRDA:259,33,1,1
BRDA:263,34,0,8
BRDA:263,34,1,0
BRDA:269,35,0,20
BRDA:269,35,1,1
BRDA:276,36,0,10
BRDA:276,36,1,0
BRDA:280,37,0,10
BRDA:280,37,1,0
BRF:76
BRH:55
end_of_record
TN:
SF:controllers/step_up_passkey_controller.js
FN:8,(anonymous_0)
FN:44,(anonymous_1)
FN:62,(anonymous_2)
FN:71,(anonymous_3)
FN:81,(anonymous_4)
FN:88,(anonymous_5)
FNF:6
FNH:6
FNDA:9,(anonymous_0)
FNDA:3,(anonymous_1)
FNDA:13,(anonymous_2)
FNDA:7,(anonymous_3)
FNDA:10,(anonymous_4)
FNDA:9,(anonymous_5)
DA:5,1
DA:6,1
DA:9,9
DA:10,9
DA:12,9
DA:13,1
DA:14,1
DA:17,8
DA:18,2
DA:19,2
DA:22,6
DA:23,6
DA:24,6
DA:25,6
DA:26,6
DA:28,3
DA:29,3
DA:31,3
DA:32,3
DA:34,3
DA:35,1
DA:36,2
DA:37,1
DA:39,1
DA:45,3
DA:47,3
DA:63,13
DA:64,13
DA:65,13
DA:66,31
DA:68,13
DA:72,7
DA:73,6
DA:74,6
DA:76,7
DA:77,7
DA:82,10
DA:83,9
DA:84,9
DA:89,9
DA:90,9
DA:91,9
DA:93,9
DA:94,9
DA:95,9
LF:45
LH:45
BRDA:12,0,0,1
BRDA:12,0,1,8
BRDA:17,1,0,2
BRDA:17,1,1,6
BRDA:17,2,0,8
BRDA:17,2,1,7
BRDA:34,3,0,1
BRDA:34,3,1,2
BRDA:36,4,0,1
BRDA:36,4,1,1
BRDA:39,5,0,1
BRDA:39,5,1,0
BRDA:51,6,0,3
BRDA:51,6,1,2
BRDA:56,7,0,1
BRDA:56,7,1,2
BRDA:72,8,0,6
BRDA:72,8,1,1
BRDA:76,9,0,7
BRDA:76,9,1,0
BRDA:82,10,0,9
BRDA:82,10,1,1
BRDA:89,11,0,9
BRDA:89,11,1,0
BRDA:93,12,0,9
BRDA:93,12,1,0
BRF:26
BRH:22
end_of_record
TN:
SF:controllers/theme_controller.js
FN:12,readCookie
FN:15,(anonymous_1)
FN:16,(anonymous_2)
FN:20,resolveTheme
FN:27,applyTheme
FN:30,(anonymous_5)
FN:39,(anonymous_6)
FN:45,applyThemeFromCookie
FN:57,(anonymous_8)
FN:61,(anonymous_9)
FN:69,(anonymous_10)
FN:85,(anonymous_11)
FN:88,(anonymous_12)
FN:89,(anonymous_13)
FN:98,(anonymous_14)
FN:107,(anonymous_15)
FNF:16
FNH:16
FNDA:21,readCookie
FNDA:21,(anonymous_1)
FNDA:21,(anonymous_2)
FNDA:21,resolveTheme
FNDA:27,applyTheme
FNDA:19,(anonymous_5)
FNDA:2,(anonymous_6)
FNDA:21,applyThemeFromCookie
FNDA:1,(anonymous_8)
FNDA:18,(anonymous_9)
FNDA:5,(anonymous_10)
FNDA:11,(anonymous_11)
FNDA:13,(anonymous_12)
FNDA:12,(anonymous_13)
FNDA:5,(anonymous_14)
FNDA:6,(anonymous_15)
DA:3,1
DA:13,21
DA:15,21
DA:16,21
DA:17,21
DA:21,21
DA:22,8
DA:24,13
DA:28,27
DA:29,27
DA:30,27
DA:31,27
DA:32,27
DA:33,27
DA:34,27
DA:35,27
DA:37,27
DA:38,16
DA:39,16
DA:40,2
DA:46,21
DA:47,21
DA:48,21
DA:50,21
DA:51,21
DA:52,1
DA:58,1
DA:62,18
DA:63,18
DA:64,18
DA:65,18
DA:66,18
DA:70,5
DA:71,5
DA:72,3
DA:73,1
DA:75,2
DA:76,2
DA:77,5
DA:78,5
DA:80,3
DA:81,3
DA:86,11
DA:88,13
DA:89,12
DA:90,11
DA:91,11
DA:92,11
DA:93,11
DA:94,7
DA:99,5
DA:100,5
DA:101,5
DA:102,5
DA:103,2
DA:108,6
DA:109,6
DA:110,6
DA:112,6
DA:113,6
DA:114,1
LF:61
LH:61
BRDA:17,0,0,13
BRDA:17,0,1,8
BRDA:21,1,0,8
BRDA:21,1,1,13
BRDA:24,2,0,13
BRDA:24,2,1,0
BRDA:30,3,0,2
BRDA:30,3,1,17
BRDA:31,4,0,17
BRDA:31,4,1,10
BRDA:37,5,0,16
BRDA:37,5,1,11
BRDA:37,6,0,27
BRDA:37,6,1,17
BRDA:51,7,0,1
BRDA:51,7,1,20
BRDA:63,8,0,18
BRDA:63,8,1,1
BRDA:64,9,0,17
BRDA:64,9,1,1
BRDA:72,10,0,1
BRDA:72,10,1,2
BRDA:76,11,0,2
BRDA:76,11,1,1
BRDA:91,12,0,11
BRDA:91,12,1,4
BRDA:93,13,0,7
BRDA:93,13,1,4
BRDA:100,14,0,5
BRDA:100,14,1,1
BRDA:102,15,0,2
BRDA:102,15,1,3
BRDA:109,16,0,6
BRDA:109,16,1,1
BRDA:113,17,0,1
BRDA:113,17,1,5
BRF:36
BRH:35
end_of_record
TN:
SF:controllers/theme_toggle_controller.js
FN:9,(anonymous_0)
FN:13,(anonymous_1)
FN:22,(anonymous_2)
FN:62,(anonymous_3)
FNF:4
FNH:4
FNDA:4,(anonymous_0)
FNDA:4,(anonymous_1)
FNDA:7,(anonymous_2)
FNDA:4,(anonymous_3)
DA:4,1
DA:10,4
DA:14,4
DA:15,4
DA:16,2
DA:19,2
DA:23,7
DA:24,7
DA:36,6
DA:37,3
DA:38,3
DA:41,3
DA:44,3
DA:47,3
DA:55,1
DA:58,3
DA:63,4
LF:17
LH:17
BRDA:10,0,0,4
BRDA:10,0,1,2
BRDA:14,1,0,4
BRDA:14,1,1,1
BRDA:15,2,0,2
BRDA:15,2,1,2
BRDA:15,3,0,4
BRDA:15,3,1,3
BRDA:36,4,0,3
BRDA:36,4,1,1
BRDA:38,5,0,3
BRDA:38,5,1,1
BRDA:49,6,0,3
BRDA:49,6,1,0
BRDA:62,7,0,4
BRF:15
BRH:14
end_of_record
TN:
SF:controllers/unsaved_changes_controller.js
FN:7,(anonymous_0)
FN:17,(anonymous_1)
FN:25,(anonymous_2)
FN:29,(anonymous_3)
FN:33,(anonymous_4)
FN:44,(anonymous_5)
FNF:6
FNH:6
FNDA:8,(anonymous_0)
FNDA:1,(anonymous_1)
FNDA:2,(anonymous_2)
FNDA:1,(anonymous_3)
FNDA:3,(anonymous_4)
FNDA:2,(anonymous_5)
DA:5,1
DA:8,8
DA:10,8
DA:11,8
DA:12,8
DA:13,8
DA:14,8
DA:18,1
DA:19,1
DA:20,1
DA:21,1
DA:22,1
DA:25,2
DA:26,2
DA:29,1
DA:30,1
DA:33,3
DA:34,3
DA:35,1
DA:37,2
DA:39,3
DA:40,1
DA:44,2
DA:45,2
DA:46,1
DA:48,1
DA:49,2
DA:50,2
LF:28
LH:28
BRDA:34,0,0,1
BRDA:34,0,1,2
BRDA:37,1,0,2
BRDA:37,1,1,0
BRDA:39,2,0,1
BRDA:39,2,1,2
BRDA:45,3,0,1
BRDA:45,3,1,1
BRDA:48,4,0,1
BRDA:48,4,1,0
BRF:10
BRH:8
end_of_record
TN:
SF:controllers/webauthn_utils.js
FN:1,describeInput
FN:20,toArrayBuffer
FN:45,normalizeCredentialList
FN:52,(anonymous_3)
FN:58,normalizePublicKeyOptions
FNF:5
FNH:5
FNDA:9,describeInput
FNDA:15,toArrayBuffer
FNDA:5,normalizeCredentialList
FNDA:2,(anonymous_3)
FNDA:11,normalizePublicKeyOptions
DA:2,9
DA:3,3
DA:5,6
DA:6,3
DA:8,3
DA:9,0
DA:11,3
DA:12,0
DA:14,3
DA:15,3
DA:17,0
DA:21,15
DA:22,7
DA:23,7
DA:24,7
DA:25,7
DA:26,7
DA:27,58
DA:29,7
DA:32,8
DA:33,1
DA:36,7
DA:37,1
DA:40,6
DA:46,5
DA:47,1
DA:49,4
DA:50,2
DA:52,2
DA:59,11
DA:60,3
DA:63,8
DA:64,11
DA:66,11
DA:67,3
DA:70,8
DA:71,1
DA:74,8
DA:75,3
DA:81,7
DA:82,2
DA:88,6
LF:42
LH:39
BRDA:2,0,0,3
BRDA:2,0,1,6
BRDA:5,1,0,3
BRDA:5,1,1,3
BRDA:8,2,0,0
BRDA:8,2,1,3
BRDA:11,3,0,0
BRDA:11,3,1,3
BRDA:14,4,0,3
BRDA:14,4,1,0
BRDA:14,5,0,3
BRDA:14,5,1,3
BRDA:14,5,2,3
BRDA:20,6,0,15
BRDA:21,7,0,7
BRDA:21,7,1,8
BRDA:32,8,0,1
BRDA:32,8,1,7
BRDA:36,9,0,1
BRDA:36,9,1,6
BRDA:46,10,0,1
BRDA:46,10,1,4
BRDA:46,11,0,5
BRDA:46,11,1,5
BRDA:49,12,0,2
BRDA:49,12,1,2
BRDA:59,13,0,3
BRDA:59,13,1,8
BRDA:59,14,0,11
BRDA:59,14,1,9
BRDA:63,15,0,1
BRDA:63,15,1,7
BRDA:66,16,0,3
BRDA:66,16,1,8
BRDA:70,17,0,1
BRDA:70,17,1,7
BRDA:70,18,0,8
BRDA:70,18,1,1
BRDA:74,19,0,3
BRDA:74,19,1,5
BRDA:81,20,0,2
BRDA:81,20,1,5
BRF:42
BRH:39
end_of_record
